<?xml version="1.0" encoding="UTF-8"?>
<!-- Generated by org.testng.reporters.JUnitReportReporter -->
<testsuite hostname="Tejaswi" failures="0" tests="1" name="airlines.Project2.Testcase4_searchflight" time="12.414" errors="0" timestamp="2024-09-04T22:58:28 CDT" skipped="0">
  <testcase classname="airlines.Project2.Testcase4_searchflight" name="searchforflight" time="12.414"/>
  <system-out/>
</testsuite> <!-- airlines.Project2.Testcase4_searchflight -->
