<?xml version="1.0" encoding="UTF-8"?>
<!-- Generated by org.testng.reporters.JUnitReportReporter -->
<testsuite hostname="Tejaswi" failures="0" tests="2" name="airlines.Project2.Testcase9_MultiplePassengers_Singlebooking" time="98.668" errors="0" timestamp="2024-09-10T20:47:06 CDT" skipped="1">
  <testcase classname="airlines.Project2.Testcase9_MultiplePassengers_Singlebooking" name="multiplepassengers" time="51.085">
    <skipped/>
  </testcase> <!-- multiplepassengers -->
  <testcase classname="airlines.Project2.Testcase9_MultiplePassengers_Singlebooking" name="multiplepassengers" time="47.583">
    <system-out>
      <![CDATA[Test case is pass]]>
    </system-out>
  </testcase> <!-- multiplepassengers -->
  <system-out>
    <![CDATA[Test case is pass
Test case is pass
Test case is pass
Test case is pass
Test case is pass
Test case is pass]]>
  </system-out>
</testsuite> <!-- airlines.Project2.Testcase9_MultiplePassengers_Singlebooking -->
