<?xml version="1.0" encoding="UTF-8"?>
<!-- Generated by org.testng.reporters.JUnitReportReporter -->
<testsuite hostname="Tejaswi" failures="0" tests="1" name="airlines.Project2.Testcase5_searchforRoundtrip" time="26.917" errors="0" timestamp="2024-09-10T20:47:06 CDT" skipped="0">
  <testcase classname="airlines.Project2.Testcase5_searchforRoundtrip" name="roundtrip_selection" time="26.917">
    <system-out>
      <![CDATA[Test case is pass]]>
    </system-out>
  </testcase> <!-- roundtrip_selection -->
  <system-out>
    <![CDATA[Test case is pass
Test case is pass
Test case is pass
Test case is pass
Test case is pass
Test case is pass]]>
  </system-out>
</testsuite> <!-- airlines.Project2.Testcase5_searchforRoundtrip -->
