<?xml version="1.0" encoding="UTF-8"?>
<!-- Generated by org.testng.reporters.JUnitReportReporter -->
<testsuite hostname="Tejaswi" failures="0" tests="1" name="airlines.Project2.Testcase7_Multicity_selection" time="34.209" errors="0" timestamp="2024-09-10T20:47:06 CDT" skipped="0">
  <testcase classname="airlines.Project2.Testcase7_Multicity_selection" name="multicity_search" time="34.209">
    <system-out>
      <![CDATA[Test case is pass]]>
    </system-out>
  </testcase> <!-- multicity_search -->
  <system-out>
    <![CDATA[Test case is pass
Test case is pass
Test case is pass
Test case is pass
Test case is pass
Test case is pass]]>
  </system-out>
</testsuite> <!-- airlines.Project2.Testcase7_Multicity_selection -->
