<?xml version="1.0" encoding="UTF-8"?>
<!-- Generated by org.testng.reporters.JUnitReportReporter -->
<testsuite hostname="Tejaswi" failures="0" tests="1" name="airlines.Project2.Testcase6_economy_Business" time="29.509" errors="0" timestamp="2024-09-10T20:47:06 CDT" skipped="0">
  <testcase classname="airlines.Project2.Testcase6_economy_Business" name="validating_business_class" time="29.509">
    <system-out>
      <![CDATA[Test case is pass]]>
    </system-out>
  </testcase> <!-- validating_business_class -->
  <system-out>
    <![CDATA[Test case is pass
Test case is pass
Test case is pass
Test case is pass
Test case is pass
Test case is pass]]>
  </system-out>
</testsuite> <!-- airlines.Project2.Testcase6_economy_Business -->
